<?xml version="1.0" encoding="UTF-8"?>
<!-- Generated by org.testng.reporters.JUnitXMLReporter -->
<testsuite ignored="0" hostname="Ishan-PC" failures="0" tests="1" name="Test" time="0.082" errors="0" timestamp="2023-03-24T12:02:42 IST">
  <testcase classname="com.LearnAutomation.Pages.BaseClass" name="@BeforeClass setup" time="-1.679639561572E9">
    <failure type="org.testng.TestNGException" message="
Parameter &amp;apos;browser&amp;apos; is required by BeforeClass on method setup but has not been marked @Optional or defined
in C:\Users\Ishan\git\Framework\Framework\XMLFiles\testng.xml">
      <![CDATA[org.testng.TestNGException: 
Parameter 'browser' is required by BeforeClass on method setup but has not been marked @Optional or defined
in C:\Users\Ishan\git\Framework\Framework\XMLFiles\testng.xml
at java.base/java.util.ArrayList.forEach(ArrayList.java:1541)
... Removed 22 stack frames]]>
    </failure>
  </testcase> <!-- @BeforeClass setup -->
  <testcase classname="com.LearnAutomation.Pages.BaseClass" name="@AfterMethod tearDownMethod" time="-1.679639561616E9">
    <skipped/>
  </testcase> <!-- @AfterMethod tearDownMethod -->
  <testcase classname="com.LearnAutomation.Pages.BaseClass" name="@AfterClass tearDown" time="-1.67963956162E9">
    <skipped/>
  </testcase> <!-- @AfterClass tearDown -->
  <testcase classname="com.LearnAutomation.TestCases.LoginTestCRM" name="loginAPP" time="0.0">
    <skipped/>
  </testcase> <!-- loginAPP -->
</testsuite> <!-- Test -->
